{"/Users/nattatorn.dev/projects/currency-exchange/src/config.js": {"path":"/Users/nattatorn.dev/projects/currency-exchange/src/config.js","statementMap":{"0":{"start":{"line":1,"column":20},"end":{"line":8,"column":42}},"1":{"start":{"line":10,"column":0},"end":{"line":42,"column":16}}},"fnMap":{},"branchMap":{"0":{"loc":{"start":{"line":8,"column":3},"end":{"line":8,"column":40}},"type":"binary-expr","locations":[{"start":{"line":8,"column":3},"end":{"line":8,"column":23}},{"start":{"line":8,"column":27},"end":{"line":8,"column":40}}]},"1":{"loc":{"start":{"line":11,"column":8},"end":{"line":11,"column":39}},"type":"binary-expr","locations":[{"start":{"line":11,"column":8},"end":{"line":11,"column":24}},{"start":{"line":11,"column":28},"end":{"line":11,"column":39}}]},"2":{"loc":{"start":{"line":14,"column":14},"end":{"line":14,"column":70}},"type":"binary-expr","locations":[{"start":{"line":14,"column":14},"end":{"line":14,"column":38}},{"start":{"line":14,"column":42},"end":{"line":14,"column":70}}]},"3":{"loc":{"start":{"line":19,"column":13},"end":{"line":19,"column":62}},"type":"binary-expr","locations":[{"start":{"line":19,"column":13},"end":{"line":19,"column":43}},{"start":{"line":19,"column":47},"end":{"line":19,"column":62}}]}},"s":{"0":1,"1":1},"f":{},"b":{"0":[1,0],"1":[1,1],"2":[1,1],"3":[1,1]},"_coverageSchema":"332fd63041d2c1bcb487cc26dd0d5f7d97098a6c","hash":"66b419bac80e9aa1df1895175200fec2989e9185"}
,"/Users/nattatorn.dev/projects/currency-exchange/src/constants/controller.js": {"path":"/Users/nattatorn.dev/projects/currency-exchange/src/constants/controller.js","statementMap":{"0":{"start":{"line":1,"column":26},"end":{"line":3,"column":1}}},"fnMap":{},"branchMap":{},"s":{"0":2},"f":{},"b":{},"_coverageSchema":"332fd63041d2c1bcb487cc26dd0d5f7d97098a6c","hash":"bae99ecce91878dc6fa049edeb043096e947edf6"}
,"/Users/nattatorn.dev/projects/currency-exchange/src/constants/index.js": {"path":"/Users/nattatorn.dev/projects/currency-exchange/src/constants/index.js","statementMap":{},"fnMap":{},"branchMap":{},"s":{},"f":{},"b":{},"_coverageSchema":"332fd63041d2c1bcb487cc26dd0d5f7d97098a6c","hash":"fdb992700bf917bf6e434954681dd355024a7ab9"}
,"/Users/nattatorn.dev/projects/currency-exchange/src/constants/setting/fontFamilies.js": {"path":"/Users/nattatorn.dev/projects/currency-exchange/src/constants/setting/fontFamilies.js","statementMap":{"0":{"start":{"line":1,"column":28},"end":{"line":11,"column":1}}},"fnMap":{},"branchMap":{},"s":{"0":2},"f":{},"b":{},"_coverageSchema":"332fd63041d2c1bcb487cc26dd0d5f7d97098a6c","hash":"47ba9738c1bb965b32a052fe4f31b8a3c8343098"}
,"/Users/nattatorn.dev/projects/currency-exchange/src/constants/setting/fontStyles.js": {"path":"/Users/nattatorn.dev/projects/currency-exchange/src/constants/setting/fontStyles.js","statementMap":{"0":{"start":{"line":1,"column":26},"end":{"line":14,"column":1}}},"fnMap":{},"branchMap":{},"s":{"0":2},"f":{},"b":{},"_coverageSchema":"332fd63041d2c1bcb487cc26dd0d5f7d97098a6c","hash":"d48ebb87196e1aec7d798ca9925a4019afad6ca7"}
,"/Users/nattatorn.dev/projects/currency-exchange/src/constants/setting/index.js": {"path":"/Users/nattatorn.dev/projects/currency-exchange/src/constants/setting/index.js","statementMap":{"0":{"start":{"line":6,"column":23},"end":{"line":20,"column":1}}},"fnMap":{},"branchMap":{},"s":{"0":2},"f":{},"b":{},"_coverageSchema":"332fd63041d2c1bcb487cc26dd0d5f7d97098a6c","hash":"0bcf26e8c5bd029f6e296ed40208e472c7b66843"}
,"/Users/nattatorn.dev/projects/currency-exchange/src/constants/setting/langs.js": {"path":"/Users/nattatorn.dev/projects/currency-exchange/src/constants/setting/langs.js","statementMap":{"0":{"start":{"line":1,"column":21},"end":{"line":26,"column":1}}},"fnMap":{},"branchMap":{},"s":{"0":2},"f":{},"b":{},"_coverageSchema":"332fd63041d2c1bcb487cc26dd0d5f7d97098a6c","hash":"4cc3b2b445022faff12667f7646fc08fa9af2daf"}
,"/Users/nattatorn.dev/projects/currency-exchange/src/constants/setting/themes.js": {"path":"/Users/nattatorn.dev/projects/currency-exchange/src/constants/setting/themes.js","statementMap":{"0":{"start":{"line":1,"column":22},"end":{"line":48,"column":1}}},"fnMap":{},"branchMap":{},"s":{"0":2},"f":{},"b":{},"_coverageSchema":"332fd63041d2c1bcb487cc26dd0d5f7d97098a6c","hash":"b6fcde8fac6928476c537464d7e19787e07e40b2"}
,"/Users/nattatorn.dev/projects/currency-exchange/src/helpers/Html.js": {"path":"/Users/nattatorn.dev/projects/currency-exchange/src/helpers/Html.js","statementMap":{"0":{"start":{"line":16,"column":41},"end":{"line":16,"column":51}},"1":{"start":{"line":17,"column":20},"end":{"line":17,"column":79}},"2":{"start":{"line":18,"column":17},"end":{"line":18,"column":32}},"3":{"start":{"line":19,"column":19},"end":{"line":19,"column":78}},"4":{"start":{"line":19,"column":51},"end":{"line":19,"column":63}},"5":{"start":{"line":20,"column":4},"end":{"line":66,"column":5}},"6":{"start":{"line":43,"column":12},"end":{"line":50,"column":14}}},"fnMap":{"0":{"name":"(anonymous_0)","decl":{"start":{"line":15,"column":2},"end":{"line":15,"column":3}},"loc":{"start":{"line":15,"column":12},"end":{"line":67,"column":3}}},"1":{"name":"(anonymous_1)","decl":{"start":{"line":19,"column":43},"end":{"line":19,"column":44}},"loc":{"start":{"line":19,"column":51},"end":{"line":19,"column":63}}},"2":{"name":"(anonymous_2)","decl":{"start":{"line":42,"column":45},"end":{"line":42,"column":46}},"loc":{"start":{"line":43,"column":12},"end":{"line":50,"column":14}}}},"branchMap":{"0":{"loc":{"start":{"line":17,"column":20},"end":{"line":17,"column":79}},"type":"cond-expr","locations":[{"start":{"line":17,"column":32},"end":{"line":17,"column":74}},{"start":{"line":17,"column":77},"end":{"line":17,"column":79}}]}},"s":{"0":0,"1":0,"2":0,"3":0,"4":0,"5":0,"6":0},"f":{"0":0,"1":0,"2":0},"b":{"0":[0,0]},"_coverageSchema":"332fd63041d2c1bcb487cc26dd0d5f7d97098a6c","hash":"22097ce40ff1ef6760a954372b4e25329862df70"}
,"/Users/nattatorn.dev/projects/currency-exchange/src/helpers/currency.js": {"path":"/Users/nattatorn.dev/projects/currency-exchange/src/helpers/currency.js","statementMap":{"0":{"start":{"line":3,"column":33},"end":{"line":3,"column":76}},"1":{"start":{"line":3,"column":39},"end":{"line":3,"column":76}},"2":{"start":{"line":4,"column":18},"end":{"line":4,"column":44}},"3":{"start":{"line":5,"column":22},"end":{"line":5,"column":79}},"4":{"start":{"line":45,"column":24},"end":{"line":61,"column":3}},"5":{"start":{"line":50,"column":7},"end":{"line":61,"column":1}},"6":{"start":{"line":121,"column":23},"end":{"line":142,"column":5}},"7":{"start":{"line":122,"column":2},"end":{"line":142,"column":5}},"8":{"start":{"line":149,"column":23},"end":{"line":150,"column":53}},"9":{"start":{"line":150,"column":2},"end":{"line":150,"column":53}}},"fnMap":{"0":{"name":"(anonymous_0)","decl":{"start":{"line":3,"column":33},"end":{"line":3,"column":34}},"loc":{"start":{"line":3,"column":39},"end":{"line":3,"column":76}}},"1":{"name":"(anonymous_1)","decl":{"start":{"line":45,"column":24},"end":{"line":45,"column":25}},"loc":{"start":{"line":50,"column":7},"end":{"line":61,"column":1}}},"2":{"name":"(anonymous_2)","decl":{"start":{"line":121,"column":23},"end":{"line":121,"column":24}},"loc":{"start":{"line":122,"column":2},"end":{"line":142,"column":5}}},"3":{"name":"(anonymous_3)","decl":{"start":{"line":149,"column":23},"end":{"line":149,"column":24}},"loc":{"start":{"line":150,"column":2},"end":{"line":150,"column":53}}}},"branchMap":{"0":{"loc":{"start":{"line":49,"column":2},"end":{"line":49,"column":11}},"type":"default-arg","locations":[{"start":{"line":49,"column":10},"end":{"line":49,"column":11}}]},"1":{"loc":{"start":{"line":122,"column":2},"end":{"line":142,"column":5}},"type":"cond-expr","locations":[{"start":{"line":123,"column":6},"end":{"line":133,"column":5}},{"start":{"line":134,"column":6},"end":{"line":142,"column":5}}]}},"s":{"0":1,"1":0,"2":1,"3":1,"4":1,"5":0,"6":1,"7":0,"8":1,"9":0},"f":{"0":0,"1":0,"2":0,"3":0},"b":{"0":[0],"1":[0,0]},"_coverageSchema":"332fd63041d2c1bcb487cc26dd0d5f7d97098a6c","hash":"553172f1bef623fea851581c24121709eca7c5b3"}
,"/Users/nattatorn.dev/projects/currency-exchange/src/helpers/httpResponse.js": {"path":"/Users/nattatorn.dev/projects/currency-exchange/src/helpers/httpResponse.js","statementMap":{"0":{"start":{"line":5,"column":23},"end":{"line":17,"column":1}},"1":{"start":{"line":6,"column":15},"end":{"line":6,"column":45}},"2":{"start":{"line":7,"column":2},"end":{"line":9,"column":3}},"3":{"start":{"line":8,"column":4},"end":{"line":8,"column":15}},"4":{"start":{"line":11,"column":19},"end":{"line":11,"column":80}},"5":{"start":{"line":11,"column":48},"end":{"line":11,"column":78}},"6":{"start":{"line":12,"column":2},"end":{"line":14,"column":3}},"7":{"start":{"line":13,"column":4},"end":{"line":13,"column":15}},"8":{"start":{"line":16,"column":2},"end":{"line":16,"column":50}}},"fnMap":{"0":{"name":"(anonymous_0)","decl":{"start":{"line":5,"column":23},"end":{"line":5,"column":24}},"loc":{"start":{"line":5,"column":35},"end":{"line":17,"column":1}}},"1":{"name":"(anonymous_1)","decl":{"start":{"line":11,"column":43},"end":{"line":11,"column":44}},"loc":{"start":{"line":11,"column":48},"end":{"line":11,"column":78}}}},"branchMap":{"0":{"loc":{"start":{"line":7,"column":2},"end":{"line":9,"column":3}},"type":"if","locations":[{"start":{"line":7,"column":2},"end":{"line":9,"column":3}},{"start":{"line":7,"column":2},"end":{"line":9,"column":3}}]},"1":{"loc":{"start":{"line":12,"column":2},"end":{"line":14,"column":3}},"type":"if","locations":[{"start":{"line":12,"column":2},"end":{"line":14,"column":3}},{"start":{"line":12,"column":2},"end":{"line":14,"column":3}}]}},"s":{"0":1,"1":0,"2":0,"3":0,"4":0,"5":0,"6":0,"7":0,"8":0},"f":{"0":0,"1":0},"b":{"0":[0,0],"1":[0,0]},"_coverageSchema":"332fd63041d2c1bcb487cc26dd0d5f7d97098a6c","hash":"2b5eb168f1066d4a5f969947f7a75d96e6bbcbe0"}
,"/Users/nattatorn.dev/projects/currency-exchange/src/helpers/index.js": {"path":"/Users/nattatorn.dev/projects/currency-exchange/src/helpers/index.js","statementMap":{},"fnMap":{},"branchMap":{},"s":{},"f":{},"b":{},"_coverageSchema":"332fd63041d2c1bcb487cc26dd0d5f7d97098a6c","hash":"7d30f691b71752e57be0f159e0aaaabc9b0f54b4"}
,"/Users/nattatorn.dev/projects/currency-exchange/src/helpers/url.js": {"path":"/Users/nattatorn.dev/projects/currency-exchange/src/helpers/url.js","statementMap":{"0":{"start":{"line":5,"column":17},"end":{"line":6,"column":75}},"1":{"start":{"line":6,"column":2},"end":{"line":6,"column":75}},"2":{"start":{"line":12,"column":13},"end":{"line":12,"column":81}},"3":{"start":{"line":12,"column":21},"end":{"line":12,"column":81}},"4":{"start":{"line":18,"column":26},"end":{"line":33,"column":1}},"5":{"start":{"line":19,"column":2},"end":{"line":31,"column":3}},"6":{"start":{"line":20,"column":4},"end":{"line":20,"column":20}},"7":{"start":{"line":21,"column":9},"end":{"line":31,"column":3}},"8":{"start":{"line":22,"column":4},"end":{"line":22,"column":20}},"9":{"start":{"line":23,"column":9},"end":{"line":31,"column":3}},"10":{"start":{"line":24,"column":4},"end":{"line":24,"column":20}},"11":{"start":{"line":25,"column":9},"end":{"line":31,"column":3}},"12":{"start":{"line":26,"column":4},"end":{"line":26,"column":20}},"13":{"start":{"line":27,"column":9},"end":{"line":31,"column":3}},"14":{"start":{"line":28,"column":4},"end":{"line":28,"column":20}},"15":{"start":{"line":29,"column":9},"end":{"line":31,"column":3}},"16":{"start":{"line":30,"column":4},"end":{"line":30,"column":20}},"17":{"start":{"line":32,"column":2},"end":{"line":32,"column":13}},"18":{"start":{"line":39,"column":25},"end":{"line":54,"column":1}},"19":{"start":{"line":40,"column":2},"end":{"line":52,"column":3}},"20":{"start":{"line":41,"column":4},"end":{"line":41,"column":70}},"21":{"start":{"line":42,"column":9},"end":{"line":52,"column":3}},"22":{"start":{"line":43,"column":4},"end":{"line":43,"column":70}},"23":{"start":{"line":44,"column":9},"end":{"line":52,"column":3}},"24":{"start":{"line":45,"column":4},"end":{"line":45,"column":72}},"25":{"start":{"line":46,"column":9},"end":{"line":52,"column":3}},"26":{"start":{"line":47,"column":4},"end":{"line":47,"column":72}},"27":{"start":{"line":48,"column":9},"end":{"line":52,"column":3}},"28":{"start":{"line":49,"column":4},"end":{"line":49,"column":70}},"29":{"start":{"line":50,"column":9},"end":{"line":52,"column":3}},"30":{"start":{"line":51,"column":4},"end":{"line":51,"column":70}},"31":{"start":{"line":53,"column":2},"end":{"line":53,"column":13}},"32":{"start":{"line":60,"column":15},"end":{"line":61,"column":70}},"33":{"start":{"line":61,"column":2},"end":{"line":61,"column":70}}},"fnMap":{"0":{"name":"(anonymous_0)","decl":{"start":{"line":5,"column":17},"end":{"line":5,"column":18}},"loc":{"start":{"line":6,"column":2},"end":{"line":6,"column":75}}},"1":{"name":"(anonymous_1)","decl":{"start":{"line":12,"column":13},"end":{"line":12,"column":14}},"loc":{"start":{"line":12,"column":21},"end":{"line":12,"column":81}}},"2":{"name":"(anonymous_2)","decl":{"start":{"line":18,"column":26},"end":{"line":18,"column":27}},"loc":{"start":{"line":18,"column":34},"end":{"line":33,"column":1}}},"3":{"name":"(anonymous_3)","decl":{"start":{"line":39,"column":25},"end":{"line":39,"column":26}},"loc":{"start":{"line":39,"column":33},"end":{"line":54,"column":1}}},"4":{"name":"(anonymous_4)","decl":{"start":{"line":60,"column":15},"end":{"line":60,"column":16}},"loc":{"start":{"line":61,"column":2},"end":{"line":61,"column":70}}}},"branchMap":{"0":{"loc":{"start":{"line":19,"column":2},"end":{"line":31,"column":3}},"type":"if","locations":[{"start":{"line":19,"column":2},"end":{"line":31,"column":3}},{"start":{"line":19,"column":2},"end":{"line":31,"column":3}}]},"1":{"loc":{"start":{"line":21,"column":9},"end":{"line":31,"column":3}},"type":"if","locations":[{"start":{"line":21,"column":9},"end":{"line":31,"column":3}},{"start":{"line":21,"column":9},"end":{"line":31,"column":3}}]},"2":{"loc":{"start":{"line":23,"column":9},"end":{"line":31,"column":3}},"type":"if","locations":[{"start":{"line":23,"column":9},"end":{"line":31,"column":3}},{"start":{"line":23,"column":9},"end":{"line":31,"column":3}}]},"3":{"loc":{"start":{"line":25,"column":9},"end":{"line":31,"column":3}},"type":"if","locations":[{"start":{"line":25,"column":9},"end":{"line":31,"column":3}},{"start":{"line":25,"column":9},"end":{"line":31,"column":3}}]},"4":{"loc":{"start":{"line":27,"column":9},"end":{"line":31,"column":3}},"type":"if","locations":[{"start":{"line":27,"column":9},"end":{"line":31,"column":3}},{"start":{"line":27,"column":9},"end":{"line":31,"column":3}}]},"5":{"loc":{"start":{"line":29,"column":9},"end":{"line":31,"column":3}},"type":"if","locations":[{"start":{"line":29,"column":9},"end":{"line":31,"column":3}},{"start":{"line":29,"column":9},"end":{"line":31,"column":3}}]},"6":{"loc":{"start":{"line":40,"column":2},"end":{"line":52,"column":3}},"type":"if","locations":[{"start":{"line":40,"column":2},"end":{"line":52,"column":3}},{"start":{"line":40,"column":2},"end":{"line":52,"column":3}}]},"7":{"loc":{"start":{"line":42,"column":9},"end":{"line":52,"column":3}},"type":"if","locations":[{"start":{"line":42,"column":9},"end":{"line":52,"column":3}},{"start":{"line":42,"column":9},"end":{"line":52,"column":3}}]},"8":{"loc":{"start":{"line":44,"column":9},"end":{"line":52,"column":3}},"type":"if","locations":[{"start":{"line":44,"column":9},"end":{"line":52,"column":3}},{"start":{"line":44,"column":9},"end":{"line":52,"column":3}}]},"9":{"loc":{"start":{"line":46,"column":9},"end":{"line":52,"column":3}},"type":"if","locations":[{"start":{"line":46,"column":9},"end":{"line":52,"column":3}},{"start":{"line":46,"column":9},"end":{"line":52,"column":3}}]},"10":{"loc":{"start":{"line":48,"column":9},"end":{"line":52,"column":3}},"type":"if","locations":[{"start":{"line":48,"column":9},"end":{"line":52,"column":3}},{"start":{"line":48,"column":9},"end":{"line":52,"column":3}}]},"11":{"loc":{"start":{"line":50,"column":9},"end":{"line":52,"column":3}},"type":"if","locations":[{"start":{"line":50,"column":9},"end":{"line":52,"column":3}},{"start":{"line":50,"column":9},"end":{"line":52,"column":3}}]}},"s":{"0":1,"1":0,"2":1,"3":0,"4":1,"5":0,"6":0,"7":0,"8":0,"9":0,"10":0,"11":0,"12":0,"13":0,"14":0,"15":0,"16":0,"17":0,"18":1,"19":0,"20":0,"21":0,"22":0,"23":0,"24":0,"25":0,"26":0,"27":0,"28":0,"29":0,"30":0,"31":0,"32":1,"33":0},"f":{"0":0,"1":0,"2":0,"3":0,"4":0},"b":{"0":[0,0],"1":[0,0],"2":[0,0],"3":[0,0],"4":[0,0],"5":[0,0],"6":[0,0],"7":[0,0],"8":[0,0],"9":[0,0],"10":[0,0],"11":[0,0]},"_coverageSchema":"332fd63041d2c1bcb487cc26dd0d5f7d97098a6c","hash":"e177d70c7f0882e0f9e3e3f36ef315e36b245692"}
,"/Users/nattatorn.dev/projects/currency-exchange/src/modules/app/actions.js": {"path":"/Users/nattatorn.dev/projects/currency-exchange/src/modules/app/actions.js","statementMap":{"0":{"start":{"line":3,"column":17},"end":{"line":3,"column":27}},"1":{"start":{"line":4,"column":28},"end":{"line":4,"column":49}},"2":{"start":{"line":5,"column":28},"end":{"line":5,"column":49}},"3":{"start":{"line":6,"column":23},"end":{"line":6,"column":39}},"4":{"start":{"line":7,"column":22},"end":{"line":7,"column":37}},"5":{"start":{"line":8,"column":26},"end":{"line":8,"column":45}},"6":{"start":{"line":9,"column":25},"end":{"line":9,"column":43}},"7":{"start":{"line":11,"column":17},"end":{"line":11,"column":61}},"8":{"start":{"line":11,"column":29},"end":{"line":11,"column":61}},"9":{"start":{"line":12,"column":26},"end":{"line":12,"column":75}},"10":{"start":{"line":12,"column":35},"end":{"line":12,"column":75}},"11":{"start":{"line":13,"column":26},"end":{"line":13,"column":61}},"12":{"start":{"line":13,"column":32},"end":{"line":13,"column":61}},"13":{"start":{"line":14,"column":22},"end":{"line":14,"column":70}},"14":{"start":{"line":14,"column":33},"end":{"line":14,"column":70}},"15":{"start":{"line":15,"column":21},"end":{"line":15,"column":50}},"16":{"start":{"line":15,"column":27},"end":{"line":15,"column":50}},"17":{"start":{"line":16,"column":25},"end":{"line":17,"column":45}},"18":{"start":{"line":17,"column":2},"end":{"line":17,"column":45}},"19":{"start":{"line":18,"column":24},"end":{"line":18,"column":56}},"20":{"start":{"line":18,"column":30},"end":{"line":18,"column":56}}},"fnMap":{"0":{"name":"(anonymous_0)","decl":{"start":{"line":11,"column":17},"end":{"line":11,"column":18}},"loc":{"start":{"line":11,"column":29},"end":{"line":11,"column":61}}},"1":{"name":"(anonymous_1)","decl":{"start":{"line":12,"column":26},"end":{"line":12,"column":27}},"loc":{"start":{"line":12,"column":35},"end":{"line":12,"column":75}}},"2":{"name":"(anonymous_2)","decl":{"start":{"line":13,"column":26},"end":{"line":13,"column":27}},"loc":{"start":{"line":13,"column":32},"end":{"line":13,"column":61}}},"3":{"name":"(anonymous_3)","decl":{"start":{"line":14,"column":22},"end":{"line":14,"column":23}},"loc":{"start":{"line":14,"column":33},"end":{"line":14,"column":70}}},"4":{"name":"(anonymous_4)","decl":{"start":{"line":15,"column":21},"end":{"line":15,"column":22}},"loc":{"start":{"line":15,"column":27},"end":{"line":15,"column":50}}},"5":{"name":"(anonymous_5)","decl":{"start":{"line":16,"column":25},"end":{"line":16,"column":26}},"loc":{"start":{"line":17,"column":2},"end":{"line":17,"column":45}}},"6":{"name":"(anonymous_6)","decl":{"start":{"line":18,"column":24},"end":{"line":18,"column":25}},"loc":{"start":{"line":18,"column":30},"end":{"line":18,"column":56}}}},"branchMap":{},"s":{"0":6,"1":6,"2":6,"3":6,"4":6,"5":6,"6":6,"7":6,"8":1,"9":6,"10":1,"11":6,"12":1,"13":6,"14":1,"15":6,"16":1,"17":6,"18":1,"19":6,"20":1},"f":{"0":1,"1":1,"2":1,"3":1,"4":1,"5":1,"6":1},"b":{},"_coverageSchema":"332fd63041d2c1bcb487cc26dd0d5f7d97098a6c","hash":"9b1fe3267af2905dd5670faceb62f83ce9064927"}
,"/Users/nattatorn.dev/projects/currency-exchange/src/modules/app/selectors.js": {"path":"/Users/nattatorn.dev/projects/currency-exchange/src/modules/app/selectors.js","statementMap":{"0":{"start":{"line":1,"column":15},"end":{"line":1,"column":33}},"1":{"start":{"line":1,"column":24},"end":{"line":1,"column":33}},"2":{"start":{"line":2,"column":22},"end":{"line":2,"column":54}},"3":{"start":{"line":2,"column":31},"end":{"line":2,"column":54}},"4":{"start":{"line":3,"column":25},"end":{"line":3,"column":60}},"5":{"start":{"line":3,"column":34},"end":{"line":3,"column":60}}},"fnMap":{"0":{"name":"(anonymous_0)","decl":{"start":{"line":1,"column":15},"end":{"line":1,"column":16}},"loc":{"start":{"line":1,"column":24},"end":{"line":1,"column":33}}},"1":{"name":"(anonymous_1)","decl":{"start":{"line":2,"column":22},"end":{"line":2,"column":23}},"loc":{"start":{"line":2,"column":31},"end":{"line":2,"column":54}}},"2":{"name":"(anonymous_2)","decl":{"start":{"line":3,"column":25},"end":{"line":3,"column":26}},"loc":{"start":{"line":3,"column":34},"end":{"line":3,"column":60}}}},"branchMap":{},"s":{"0":1,"1":3,"2":1,"3":1,"4":1,"5":1},"f":{"0":3,"1":1,"2":1},"b":{},"_coverageSchema":"332fd63041d2c1bcb487cc26dd0d5f7d97098a6c","hash":"3e27ac2c5f1dc495dfeeb8741c298f5234a2bd5b"}
,"/Users/nattatorn.dev/projects/currency-exchange/src/modules/app/reducers/app.js": {"path":"/Users/nattatorn.dev/projects/currency-exchange/src/modules/app/reducers/app.js","statementMap":{"0":{"start":{"line":5,"column":21},"end":{"line":9,"column":3}},"1":{"start":{"line":5,"column":29},"end":{"line":9,"column":1}},"2":{"start":{"line":12,"column":2},"end":{"line":23,"column":3}},"3":{"start":{"line":14,"column":4},"end":{"line":14,"column":48}},"4":{"start":{"line":16,"column":4},"end":{"line":16,"column":56}},"5":{"start":{"line":18,"column":4},"end":{"line":18,"column":54}},"6":{"start":{"line":20,"column":4},"end":{"line":20,"column":62}},"7":{"start":{"line":22,"column":4},"end":{"line":22,"column":16}}},"fnMap":{"0":{"name":"(anonymous_0)","decl":{"start":{"line":5,"column":21},"end":{"line":5,"column":22}},"loc":{"start":{"line":5,"column":29},"end":{"line":9,"column":1}}},"1":{"name":"app","decl":{"start":{"line":11,"column":24},"end":{"line":11,"column":27}},"loc":{"start":{"line":11,"column":68},"end":{"line":24,"column":1}}}},"branchMap":{"0":{"loc":{"start":{"line":11,"column":30},"end":{"line":11,"column":52}},"type":"default-arg","locations":[{"start":{"line":11,"column":38},"end":{"line":11,"column":52}}]},"1":{"loc":{"start":{"line":11,"column":54},"end":{"line":11,"column":65}},"type":"default-arg","locations":[{"start":{"line":11,"column":63},"end":{"line":11,"column":65}}]},"2":{"loc":{"start":{"line":12,"column":2},"end":{"line":23,"column":3}},"type":"switch","locations":[{"start":{"line":13,"column":2},"end":{"line":14,"column":48}},{"start":{"line":15,"column":2},"end":{"line":16,"column":56}},{"start":{"line":17,"column":2},"end":{"line":18,"column":54}},{"start":{"line":19,"column":2},"end":{"line":20,"column":62}},{"start":{"line":21,"column":2},"end":{"line":22,"column":16}}]}},"s":{"0":1,"1":3,"2":6,"3":1,"4":1,"5":1,"6":1,"7":2},"f":{"0":3,"1":6},"b":{"0":[1],"1":[0],"2":[1,1,1,1,2]},"_coverageSchema":"332fd63041d2c1bcb487cc26dd0d5f7d97098a6c","hash":"56c81bbfe0834c302957068efc526d7f4075e58f"}
,"/Users/nattatorn.dev/projects/currency-exchange/src/modules/app/reducers/entities.js": {"path":"/Users/nattatorn.dev/projects/currency-exchange/src/modules/app/reducers/entities.js","statementMap":{"0":{"start":{"line":3,"column":21},"end":{"line":5,"column":3}},"1":{"start":{"line":3,"column":29},"end":{"line":5,"column":1}},"2":{"start":{"line":8,"column":2},"end":{"line":10,"column":3}},"3":{"start":{"line":9,"column":4},"end":{"line":9,"column":55}},"4":{"start":{"line":12,"column":2},"end":{"line":12,"column":14}}},"fnMap":{"0":{"name":"(anonymous_0)","decl":{"start":{"line":3,"column":21},"end":{"line":3,"column":22}},"loc":{"start":{"line":3,"column":29},"end":{"line":5,"column":1}}},"1":{"name":"entities","decl":{"start":{"line":7,"column":24},"end":{"line":7,"column":32}},"loc":{"start":{"line":7,"column":73},"end":{"line":13,"column":1}}}},"branchMap":{"0":{"loc":{"start":{"line":7,"column":35},"end":{"line":7,"column":57}},"type":"default-arg","locations":[{"start":{"line":7,"column":43},"end":{"line":7,"column":57}}]},"1":{"loc":{"start":{"line":7,"column":59},"end":{"line":7,"column":70}},"type":"default-arg","locations":[{"start":{"line":7,"column":68},"end":{"line":7,"column":70}}]},"2":{"loc":{"start":{"line":8,"column":2},"end":{"line":10,"column":3}},"type":"if","locations":[{"start":{"line":8,"column":2},"end":{"line":10,"column":3}},{"start":{"line":8,"column":2},"end":{"line":10,"column":3}}]},"3":{"loc":{"start":{"line":8,"column":7},"end":{"line":8,"column":50}},"type":"binary-expr","locations":[{"start":{"line":8,"column":7},"end":{"line":8,"column":22}},{"start":{"line":8,"column":26},"end":{"line":8,"column":50}}]}},"s":{"0":1,"1":1,"2":5,"3":3,"4":2},"f":{"0":1,"1":5},"b":{"0":[1],"1":[0],"2":[3,2],"3":[5,3]},"_coverageSchema":"332fd63041d2c1bcb487cc26dd0d5f7d97098a6c","hash":"6411c099c708482458fcbe359dc55c02f47348ab"}
,"/Users/nattatorn.dev/projects/currency-exchange/src/modules/app/reducers/errorMessage.js": {"path":"/Users/nattatorn.dev/projects/currency-exchange/src/modules/app/reducers/errorMessage.js","statementMap":{"0":{"start":{"line":3,"column":21},"end":{"line":3,"column":31}},"1":{"start":{"line":3,"column":27},"end":{"line":3,"column":31}},"2":{"start":{"line":5,"column":26},"end":{"line":5,"column":32}},"3":{"start":{"line":7,"column":2},"end":{"line":11,"column":3}},"4":{"start":{"line":8,"column":4},"end":{"line":8,"column":25}},"5":{"start":{"line":9,"column":9},"end":{"line":11,"column":3}},"6":{"start":{"line":10,"column":4},"end":{"line":10,"column":23}},"7":{"start":{"line":13,"column":2},"end":{"line":13,"column":14}}},"fnMap":{"0":{"name":"(anonymous_0)","decl":{"start":{"line":3,"column":21},"end":{"line":3,"column":22}},"loc":{"start":{"line":3,"column":27},"end":{"line":3,"column":31}}},"1":{"name":"errorMessage","decl":{"start":{"line":4,"column":24},"end":{"line":4,"column":36}},"loc":{"start":{"line":4,"column":77},"end":{"line":14,"column":1}}}},"branchMap":{"0":{"loc":{"start":{"line":4,"column":39},"end":{"line":4,"column":61}},"type":"default-arg","locations":[{"start":{"line":4,"column":47},"end":{"line":4,"column":61}}]},"1":{"loc":{"start":{"line":4,"column":63},"end":{"line":4,"column":74}},"type":"default-arg","locations":[{"start":{"line":4,"column":72},"end":{"line":4,"column":74}}]},"2":{"loc":{"start":{"line":7,"column":2},"end":{"line":11,"column":3}},"type":"if","locations":[{"start":{"line":7,"column":2},"end":{"line":11,"column":3}},{"start":{"line":7,"column":2},"end":{"line":11,"column":3}}]},"3":{"loc":{"start":{"line":9,"column":9},"end":{"line":11,"column":3}},"type":"if","locations":[{"start":{"line":9,"column":9},"end":{"line":11,"column":3}},{"start":{"line":9,"column":9},"end":{"line":11,"column":3}}]}},"s":{"0":1,"1":2,"2":4,"3":4,"4":1,"5":3,"6":1,"7":2},"f":{"0":2,"1":4},"b":{"0":[1],"1":[0],"2":[1,3],"3":[1,2]},"_coverageSchema":"332fd63041d2c1bcb487cc26dd0d5f7d97098a6c","hash":"328bbc67216b054e38caf5165292b368a6b87ce5"}
,"/Users/nattatorn.dev/projects/currency-exchange/src/modules/app/reducers/router.js": {"path":"/Users/nattatorn.dev/projects/currency-exchange/src/modules/app/reducers/router.js","statementMap":{"0":{"start":{"line":3,"column":21},"end":{"line":5,"column":3}},"1":{"start":{"line":3,"column":29},"end":{"line":5,"column":1}},"2":{"start":{"line":8,"column":2},"end":{"line":13,"column":3}},"3":{"start":{"line":10,"column":4},"end":{"line":10,"column":23}},"4":{"start":{"line":12,"column":4},"end":{"line":12,"column":16}}},"fnMap":{"0":{"name":"(anonymous_0)","decl":{"start":{"line":3,"column":21},"end":{"line":3,"column":22}},"loc":{"start":{"line":3,"column":29},"end":{"line":5,"column":1}}},"1":{"name":"router","decl":{"start":{"line":7,"column":24},"end":{"line":7,"column":30}},"loc":{"start":{"line":7,"column":71},"end":{"line":14,"column":1}}}},"branchMap":{"0":{"loc":{"start":{"line":7,"column":33},"end":{"line":7,"column":55}},"type":"default-arg","locations":[{"start":{"line":7,"column":41},"end":{"line":7,"column":55}}]},"1":{"loc":{"start":{"line":7,"column":57},"end":{"line":7,"column":68}},"type":"default-arg","locations":[{"start":{"line":7,"column":66},"end":{"line":7,"column":68}}]},"2":{"loc":{"start":{"line":8,"column":2},"end":{"line":13,"column":3}},"type":"switch","locations":[{"start":{"line":9,"column":2},"end":{"line":10,"column":23}},{"start":{"line":11,"column":2},"end":{"line":12,"column":16}}]}},"s":{"0":1,"1":1,"2":3,"3":1,"4":2},"f":{"0":1,"1":3},"b":{"0":[1],"1":[0],"2":[1,2]},"_coverageSchema":"332fd63041d2c1bcb487cc26dd0d5f7d97098a6c","hash":"863029efee9ea0bd87eb567a5f7346fe0210a13b"}
,"/Users/nattatorn.dev/projects/currency-exchange/src/modules/currencyExchange/actions.js": {"path":"/Users/nattatorn.dev/projects/currency-exchange/src/modules/currencyExchange/actions.js","statementMap":{"0":{"start":{"line":3,"column":31},"end":{"line":3,"column":55}},"1":{"start":{"line":4,"column":30},"end":{"line":4,"column":53}},"2":{"start":{"line":6,"column":29},"end":{"line":7,"column":67}},"3":{"start":{"line":7,"column":2},"end":{"line":7,"column":67}},"4":{"start":{"line":8,"column":28},"end":{"line":9,"column":60}},"5":{"start":{"line":9,"column":2},"end":{"line":9,"column":60}}},"fnMap":{"0":{"name":"(anonymous_0)","decl":{"start":{"line":6,"column":29},"end":{"line":6,"column":30}},"loc":{"start":{"line":7,"column":2},"end":{"line":7,"column":67}}},"1":{"name":"(anonymous_1)","decl":{"start":{"line":8,"column":28},"end":{"line":8,"column":29}},"loc":{"start":{"line":9,"column":2},"end":{"line":9,"column":60}}}},"branchMap":{"0":{"loc":{"start":{"line":6,"column":44},"end":{"line":6,"column":63}},"type":"default-arg","locations":[{"start":{"line":6,"column":61},"end":{"line":6,"column":63}}]}},"s":{"0":2,"1":2,"2":2,"3":2,"4":2,"5":1},"f":{"0":2,"1":1},"b":{"0":[1]},"_coverageSchema":"332fd63041d2c1bcb487cc26dd0d5f7d97098a6c","hash":"a8fa84b66c16bd77f58391a003d3b28e260a64b0"}
,"/Users/nattatorn.dev/projects/currency-exchange/src/modules/currencyExchange/selectors.js": {"path":"/Users/nattatorn.dev/projects/currency-exchange/src/modules/currencyExchange/selectors.js","statementMap":{"0":{"start":{"line":1,"column":32},"end":{"line":1,"column":77}},"1":{"start":{"line":1,"column":41},"end":{"line":1,"column":77}}},"fnMap":{"0":{"name":"(anonymous_0)","decl":{"start":{"line":1,"column":32},"end":{"line":1,"column":33}},"loc":{"start":{"line":1,"column":41},"end":{"line":1,"column":77}}}},"branchMap":{},"s":{"0":1,"1":1},"f":{"0":1},"b":{},"_coverageSchema":"332fd63041d2c1bcb487cc26dd0d5f7d97098a6c","hash":"c5d5d08ebf12899b215ed539db0a3eae3594e85b"}
,"/Users/nattatorn.dev/projects/currency-exchange/src/modules/currencyExchange/reducers/currencyExchange.js": {"path":"/Users/nattatorn.dev/projects/currency-exchange/src/modules/currencyExchange/reducers/currencyExchange.js","statementMap":{"0":{"start":{"line":3,"column":21},"end":{"line":3,"column":33}},"1":{"start":{"line":3,"column":29},"end":{"line":3,"column":31}},"2":{"start":{"line":5,"column":2},"end":{"line":14,"column":3}},"3":{"start":{"line":7,"column":4},"end":{"line":11,"column":5}},"4":{"start":{"line":13,"column":4},"end":{"line":13,"column":16}}},"fnMap":{"0":{"name":"(anonymous_0)","decl":{"start":{"line":3,"column":21},"end":{"line":3,"column":22}},"loc":{"start":{"line":3,"column":29},"end":{"line":3,"column":31}}},"1":{"name":"currencyExchange","decl":{"start":{"line":4,"column":24},"end":{"line":4,"column":40}},"loc":{"start":{"line":4,"column":81},"end":{"line":15,"column":1}}}},"branchMap":{"0":{"loc":{"start":{"line":4,"column":43},"end":{"line":4,"column":65}},"type":"default-arg","locations":[{"start":{"line":4,"column":51},"end":{"line":4,"column":65}}]},"1":{"loc":{"start":{"line":4,"column":67},"end":{"line":4,"column":78}},"type":"default-arg","locations":[{"start":{"line":4,"column":76},"end":{"line":4,"column":78}}]},"2":{"loc":{"start":{"line":5,"column":2},"end":{"line":14,"column":3}},"type":"switch","locations":[{"start":{"line":6,"column":2},"end":{"line":11,"column":5}},{"start":{"line":12,"column":2},"end":{"line":13,"column":16}}]}},"s":{"0":1,"1":1,"2":3,"3":1,"4":2},"f":{"0":1,"1":3},"b":{"0":[1],"1":[0],"2":[1,2]},"_coverageSchema":"332fd63041d2c1bcb487cc26dd0d5f7d97098a6c","hash":"3dad9167fd02e2fccfd7783951fdbd3fa45af534"}
,"/Users/nattatorn.dev/projects/currency-exchange/src/modules/currencyPopular/actions.js": {"path":"/Users/nattatorn.dev/projects/currency-exchange/src/modules/currencyPopular/actions.js","statementMap":{"0":{"start":{"line":3,"column":14},"end":{"line":3,"column":43}},"1":{"start":{"line":4,"column":32},"end":{"line":4,"column":57}},"2":{"start":{"line":5,"column":37},"end":{"line":5,"column":67}},"3":{"start":{"line":6,"column":35},"end":{"line":6,"column":63}},"4":{"start":{"line":8,"column":14},"end":{"line":12,"column":1}},"5":{"start":{"line":9,"column":17},"end":{"line":9,"column":40}},"6":{"start":{"line":10,"column":23},"end":{"line":10,"column":60}},"7":{"start":{"line":11,"column":20},"end":{"line":11,"column":54}},"8":{"start":{"line":14,"column":32},"end":{"line":15,"column":65}},"9":{"start":{"line":15,"column":2},"end":{"line":15,"column":65}},"10":{"start":{"line":16,"column":30},"end":{"line":17,"column":52}},"11":{"start":{"line":17,"column":2},"end":{"line":17,"column":52}},"12":{"start":{"line":18,"column":34},"end":{"line":19,"column":51}},"13":{"start":{"line":19,"column":2},"end":{"line":19,"column":51}}},"fnMap":{"0":{"name":"(anonymous_0)","decl":{"start":{"line":9,"column":11},"end":{"line":9,"column":12}},"loc":{"start":{"line":9,"column":17},"end":{"line":9,"column":40}}},"1":{"name":"(anonymous_1)","decl":{"start":{"line":10,"column":11},"end":{"line":10,"column":12}},"loc":{"start":{"line":10,"column":23},"end":{"line":10,"column":60}}},"2":{"name":"(anonymous_2)","decl":{"start":{"line":11,"column":11},"end":{"line":11,"column":12}},"loc":{"start":{"line":11,"column":20},"end":{"line":11,"column":54}}},"3":{"name":"(anonymous_3)","decl":{"start":{"line":14,"column":32},"end":{"line":14,"column":33}},"loc":{"start":{"line":15,"column":2},"end":{"line":15,"column":65}}},"4":{"name":"(anonymous_4)","decl":{"start":{"line":16,"column":30},"end":{"line":16,"column":31}},"loc":{"start":{"line":17,"column":2},"end":{"line":17,"column":52}}},"5":{"name":"(anonymous_5)","decl":{"start":{"line":18,"column":34},"end":{"line":18,"column":35}},"loc":{"start":{"line":19,"column":2},"end":{"line":19,"column":51}}}},"branchMap":{"0":{"loc":{"start":{"line":14,"column":41},"end":{"line":14,"column":60}},"type":"default-arg","locations":[{"start":{"line":14,"column":58},"end":{"line":14,"column":60}}]}},"s":{"0":2,"1":2,"2":2,"3":2,"4":2,"5":2,"6":1,"7":1,"8":2,"9":2,"10":2,"11":1,"12":2,"13":1},"f":{"0":2,"1":1,"2":1,"3":2,"4":1,"5":1},"b":{"0":[1]},"_coverageSchema":"332fd63041d2c1bcb487cc26dd0d5f7d97098a6c","hash":"582d450220f16a90f0ee73758be883f15e8cdf65"}
,"/Users/nattatorn.dev/projects/currency-exchange/src/modules/currencyPopular/selectors.js": {"path":"/Users/nattatorn.dev/projects/currency-exchange/src/modules/currencyPopular/selectors.js","statementMap":{"0":{"start":{"line":6,"column":17},"end":{"line":6,"column":46}},"1":{"start":{"line":6,"column":26},"end":{"line":6,"column":46}},"2":{"start":{"line":7,"column":32},"end":{"line":7,"column":76}},"3":{"start":{"line":7,"column":41},"end":{"line":7,"column":76}},"4":{"start":{"line":9,"column":21},"end":{"line":10,"column":59}},"5":{"start":{"line":10,"column":2},"end":{"line":10,"column":57}},"6":{"start":{"line":10,"column":28},"end":{"line":10,"column":51}},"7":{"start":{"line":12,"column":27},"end":{"line":19,"column":5}},"8":{"start":{"line":13,"column":2},"end":{"line":19,"column":3}},"9":{"start":{"line":14,"column":16},"end":{"line":17,"column":5}},"10":{"start":{"line":16,"column":36},"end":{"line":16,"column":68}},"11":{"start":{"line":21,"column":31},"end":{"line":22,"column":22}},"12":{"start":{"line":22,"column":2},"end":{"line":22,"column":20}},"13":{"start":{"line":24,"column":36},"end":{"line":27,"column":1}},"14":{"start":{"line":26,"column":16},"end":{"line":26,"column":65}},"15":{"start":{"line":26,"column":39},"end":{"line":26,"column":61}},"16":{"start":{"line":34,"column":24},"end":{"line":34,"column":70}},"17":{"start":{"line":34,"column":44},"end":{"line":34,"column":70}},"18":{"start":{"line":40,"column":38},"end":{"line":41,"column":43}},"19":{"start":{"line":41,"column":2},"end":{"line":41,"column":43}},"20":{"start":{"line":48,"column":29},"end":{"line":76,"column":46}},"21":{"start":{"line":49,"column":2},"end":{"line":76,"column":46}},"22":{"start":{"line":53,"column":21},"end":{"line":66,"column":56}},"23":{"start":{"line":58,"column":18},"end":{"line":59,"column":38}},"24":{"start":{"line":61,"column":27},"end":{"line":65,"column":15}},"25":{"start":{"line":66,"column":33},"end":{"line":66,"column":54}},"26":{"start":{"line":69,"column":30},"end":{"line":71,"column":21}},"27":{"start":{"line":72,"column":8},"end":{"line":72,"column":63}},"28":{"start":{"line":76,"column":23},"end":{"line":76,"column":44}},"29":{"start":{"line":83,"column":31},"end":{"line":103,"column":3}},"30":{"start":{"line":84,"column":2},"end":{"line":103,"column":3}},"31":{"start":{"line":86,"column":22},"end":{"line":91,"column":7}},"32":{"start":{"line":88,"column":10},"end":{"line":90,"column":37}},"33":{"start":{"line":92,"column":18},"end":{"line":98,"column":7}},"34":{"start":{"line":94,"column":10},"end":{"line":96,"column":15}},"35":{"start":{"line":94,"column":40},"end":{"line":94,"column":69}},"36":{"start":{"line":100,"column":6},"end":{"line":100,"column":61}},"37":{"start":{"line":110,"column":49},"end":{"line":118,"column":3}},"38":{"start":{"line":115,"column":2},"end":{"line":118,"column":3}}},"fnMap":{"0":{"name":"(anonymous_0)","decl":{"start":{"line":6,"column":17},"end":{"line":6,"column":18}},"loc":{"start":{"line":6,"column":26},"end":{"line":6,"column":46}}},"1":{"name":"(anonymous_1)","decl":{"start":{"line":7,"column":32},"end":{"line":7,"column":33}},"loc":{"start":{"line":7,"column":41},"end":{"line":7,"column":76}}},"2":{"name":"(anonymous_2)","decl":{"start":{"line":9,"column":47},"end":{"line":9,"column":48}},"loc":{"start":{"line":10,"column":2},"end":{"line":10,"column":57}}},"3":{"name":"(anonymous_3)","decl":{"start":{"line":10,"column":16},"end":{"line":10,"column":17}},"loc":{"start":{"line":10,"column":28},"end":{"line":10,"column":51}}},"4":{"name":"(anonymous_4)","decl":{"start":{"line":12,"column":53},"end":{"line":12,"column":54}},"loc":{"start":{"line":13,"column":2},"end":{"line":19,"column":3}}},"5":{"name":"(anonymous_5)","decl":{"start":{"line":14,"column":4},"end":{"line":14,"column":5}},"loc":{"start":{"line":14,"column":16},"end":{"line":17,"column":5}}},"6":{"name":"(anonymous_6)","decl":{"start":{"line":16,"column":24},"end":{"line":16,"column":25}},"loc":{"start":{"line":16,"column":36},"end":{"line":16,"column":68}}},"7":{"name":"(anonymous_7)","decl":{"start":{"line":21,"column":67},"end":{"line":21,"column":68}},"loc":{"start":{"line":22,"column":2},"end":{"line":22,"column":20}}},"8":{"name":"(anonymous_8)","decl":{"start":{"line":26,"column":2},"end":{"line":26,"column":3}},"loc":{"start":{"line":26,"column":16},"end":{"line":26,"column":65}}},"9":{"name":"(anonymous_9)","decl":{"start":{"line":26,"column":32},"end":{"line":26,"column":33}},"loc":{"start":{"line":26,"column":39},"end":{"line":26,"column":61}}},"10":{"name":"(anonymous_10)","decl":{"start":{"line":34,"column":24},"end":{"line":34,"column":25}},"loc":{"start":{"line":34,"column":44},"end":{"line":34,"column":70}}},"11":{"name":"(anonymous_11)","decl":{"start":{"line":40,"column":38},"end":{"line":40,"column":39}},"loc":{"start":{"line":41,"column":2},"end":{"line":41,"column":43}}},"12":{"name":"(anonymous_12)","decl":{"start":{"line":48,"column":29},"end":{"line":48,"column":30}},"loc":{"start":{"line":49,"column":2},"end":{"line":76,"column":46}}},"13":{"name":"(anonymous_13)","decl":{"start":{"line":51,"column":6},"end":{"line":51,"column":7}},"loc":{"start":{"line":51,"column":21},"end":{"line":73,"column":7}}},"14":{"name":"(anonymous_14)","decl":{"start":{"line":57,"column":16},"end":{"line":57,"column":17}},"loc":{"start":{"line":58,"column":18},"end":{"line":59,"column":38}}},"15":{"name":"(anonymous_15)","decl":{"start":{"line":61,"column":20},"end":{"line":61,"column":21}},"loc":{"start":{"line":61,"column":27},"end":{"line":65,"column":15}}},"16":{"name":"(anonymous_16)","decl":{"start":{"line":66,"column":21},"end":{"line":66,"column":22}},"loc":{"start":{"line":66,"column":33},"end":{"line":66,"column":54}}},"17":{"name":"(anonymous_17)","decl":{"start":{"line":76,"column":11},"end":{"line":76,"column":12}},"loc":{"start":{"line":76,"column":23},"end":{"line":76,"column":44}}},"18":{"name":"(anonymous_18)","decl":{"start":{"line":83,"column":31},"end":{"line":83,"column":32}},"loc":{"start":{"line":84,"column":2},"end":{"line":103,"column":3}}},"19":{"name":"(anonymous_19)","decl":{"start":{"line":85,"column":4},"end":{"line":85,"column":5}},"loc":{"start":{"line":85,"column":16},"end":{"line":101,"column":5}}},"20":{"name":"(anonymous_20)","decl":{"start":{"line":87,"column":8},"end":{"line":87,"column":9}},"loc":{"start":{"line":88,"column":10},"end":{"line":90,"column":37}}},"21":{"name":"(anonymous_21)","decl":{"start":{"line":93,"column":8},"end":{"line":93,"column":9}},"loc":{"start":{"line":94,"column":10},"end":{"line":96,"column":15}}},"22":{"name":"(anonymous_22)","decl":{"start":{"line":94,"column":35},"end":{"line":94,"column":36}},"loc":{"start":{"line":94,"column":40},"end":{"line":94,"column":69}}},"23":{"name":"(anonymous_23)","decl":{"start":{"line":110,"column":49},"end":{"line":110,"column":50}},"loc":{"start":{"line":115,"column":2},"end":{"line":118,"column":3}}}},"branchMap":{"0":{"loc":{"start":{"line":53,"column":21},"end":{"line":66,"column":56}},"type":"cond-expr","locations":[{"start":{"line":54,"column":12},"end":{"line":54,"column":72}},{"start":{"line":55,"column":12},"end":{"line":66,"column":56}}]},"1":{"loc":{"start":{"line":53,"column":21},"end":{"line":53,"column":62}},"type":"binary-expr","locations":[{"start":{"line":53,"column":21},"end":{"line":53,"column":41}},{"start":{"line":53,"column":45},"end":{"line":53,"column":62}}]},"2":{"loc":{"start":{"line":58,"column":18},"end":{"line":59,"column":38}},"type":"binary-expr","locations":[{"start":{"line":58,"column":18},"end":{"line":59,"column":22}},{"start":{"line":59,"column":26},"end":{"line":59,"column":38}}]},"3":{"loc":{"start":{"line":69,"column":30},"end":{"line":71,"column":21}},"type":"cond-expr","locations":[{"start":{"line":70,"column":12},"end":{"line":70,"column":68}},{"start":{"line":71,"column":12},"end":{"line":71,"column":21}}]},"4":{"loc":{"start":{"line":69,"column":30},"end":{"line":69,"column":71}},"type":"binary-expr","locations":[{"start":{"line":69,"column":30},"end":{"line":69,"column":50}},{"start":{"line":69,"column":54},"end":{"line":69,"column":71}}]},"5":{"loc":{"start":{"line":88,"column":10},"end":{"line":90,"column":37}},"type":"cond-expr","locations":[{"start":{"line":89,"column":14},"end":{"line":89,"column":67}},{"start":{"line":90,"column":14},"end":{"line":90,"column":37}}]},"6":{"loc":{"start":{"line":94,"column":10},"end":{"line":96,"column":15}},"type":"cond-expr","locations":[{"start":{"line":95,"column":14},"end":{"line":95,"column":66}},{"start":{"line":96,"column":14},"end":{"line":96,"column":15}}]}},"s":{"0":1,"1":6,"2":1,"3":1,"4":1,"5":1,"6":2,"7":1,"8":1,"9":2,"10":4,"11":1,"12":1,"13":1,"14":1,"15":3,"16":1,"17":1,"18":1,"19":0,"20":1,"21":0,"22":0,"23":0,"24":0,"25":0,"26":0,"27":0,"28":0,"29":1,"30":0,"31":0,"32":0,"33":0,"34":0,"35":0,"36":0,"37":1,"38":0},"f":{"0":6,"1":1,"2":1,"3":2,"4":1,"5":2,"6":4,"7":1,"8":1,"9":3,"10":1,"11":0,"12":0,"13":0,"14":0,"15":0,"16":0,"17":0,"18":0,"19":0,"20":0,"21":0,"22":0,"23":0},"b":{"0":[0,0],"1":[0,0],"2":[0,0],"3":[0,0],"4":[0,0],"5":[0,0],"6":[0,0]},"_coverageSchema":"332fd63041d2c1bcb487cc26dd0d5f7d97098a6c","hash":"46d6149cb2b92563eb1fac9293213a16367813f7"}
,"/Users/nattatorn.dev/projects/currency-exchange/src/modules/currencyPopular/reducers/currencyPopular.js": {"path":"/Users/nattatorn.dev/projects/currency-exchange/src/modules/currencyPopular/reducers/currencyPopular.js","statementMap":{"0":{"start":{"line":3,"column":21},"end":{"line":3,"column":33}},"1":{"start":{"line":3,"column":29},"end":{"line":3,"column":31}},"2":{"start":{"line":5,"column":2},"end":{"line":28,"column":3}},"3":{"start":{"line":7,"column":4},"end":{"line":15,"column":5}},"4":{"start":{"line":9,"column":25},"end":{"line":12,"column":11}},"5":{"start":{"line":17,"column":4},"end":{"line":25,"column":5}},"6":{"start":{"line":20,"column":12},"end":{"line":22,"column":27}},"7":{"start":{"line":27,"column":4},"end":{"line":27,"column":16}}},"fnMap":{"0":{"name":"(anonymous_0)","decl":{"start":{"line":3,"column":21},"end":{"line":3,"column":22}},"loc":{"start":{"line":3,"column":29},"end":{"line":3,"column":31}}},"1":{"name":"currencyPopular","decl":{"start":{"line":4,"column":24},"end":{"line":4,"column":39}},"loc":{"start":{"line":4,"column":80},"end":{"line":29,"column":1}}},"2":{"name":"(anonymous_2)","decl":{"start":{"line":9,"column":10},"end":{"line":9,"column":11}},"loc":{"start":{"line":9,"column":25},"end":{"line":12,"column":11}}},"3":{"name":"(anonymous_3)","decl":{"start":{"line":19,"column":10},"end":{"line":19,"column":11}},"loc":{"start":{"line":20,"column":12},"end":{"line":22,"column":27}}}},"branchMap":{"0":{"loc":{"start":{"line":4,"column":42},"end":{"line":4,"column":64}},"type":"default-arg","locations":[{"start":{"line":4,"column":50},"end":{"line":4,"column":64}}]},"1":{"loc":{"start":{"line":4,"column":66},"end":{"line":4,"column":77}},"type":"default-arg","locations":[{"start":{"line":4,"column":75},"end":{"line":4,"column":77}}]},"2":{"loc":{"start":{"line":5,"column":2},"end":{"line":28,"column":3}},"type":"switch","locations":[{"start":{"line":6,"column":2},"end":{"line":15,"column":5}},{"start":{"line":16,"column":2},"end":{"line":25,"column":5}},{"start":{"line":26,"column":2},"end":{"line":27,"column":16}}]},"3":{"loc":{"start":{"line":20,"column":12},"end":{"line":22,"column":27}},"type":"cond-expr","locations":[{"start":{"line":21,"column":16},"end":{"line":21,"column":74}},{"start":{"line":22,"column":16},"end":{"line":22,"column":27}}]}},"s":{"0":1,"1":1,"2":2,"3":0,"4":0,"5":0,"6":0,"7":2},"f":{"0":1,"1":2,"2":0,"3":0},"b":{"0":[1],"1":[0],"2":[0,0,2],"3":[0,0]},"_coverageSchema":"332fd63041d2c1bcb487cc26dd0d5f7d97098a6c","hash":"55a19c7438856b775103f7bec0849c5012e0eb43"}
,"/Users/nattatorn.dev/projects/currency-exchange/src/services/action.js": {"path":"/Users/nattatorn.dev/projects/currency-exchange/src/services/action.js","statementMap":{"0":{"start":{"line":1,"column":16},"end":{"line":1,"column":25}},"1":{"start":{"line":2,"column":16},"end":{"line":2,"column":25}},"2":{"start":{"line":3,"column":16},"end":{"line":3,"column":25}},"3":{"start":{"line":5,"column":20},"end":{"line":5,"column":49}},"4":{"start":{"line":12,"column":15},"end":{"line":12,"column":65}},"5":{"start":{"line":12,"column":43},"end":{"line":12,"column":63}},"6":{"start":{"line":24,"column":27},"end":{"line":25,"column":79}},"7":{"start":{"line":25,"column":2},"end":{"line":25,"column":79}},"8":{"start":{"line":25,"column":36},"end":{"line":25,"column":71}}},"fnMap":{"0":{"name":"(anonymous_0)","decl":{"start":{"line":12,"column":15},"end":{"line":12,"column":16}},"loc":{"start":{"line":12,"column":43},"end":{"line":12,"column":63}}},"1":{"name":"(anonymous_1)","decl":{"start":{"line":24,"column":27},"end":{"line":24,"column":28}},"loc":{"start":{"line":25,"column":2},"end":{"line":25,"column":79}}},"2":{"name":"(anonymous_2)","decl":{"start":{"line":25,"column":22},"end":{"line":25,"column":23}},"loc":{"start":{"line":25,"column":36},"end":{"line":25,"column":71}}}},"branchMap":{"0":{"loc":{"start":{"line":12,"column":23},"end":{"line":12,"column":35}},"type":"default-arg","locations":[{"start":{"line":12,"column":33},"end":{"line":12,"column":35}}]}},"s":{"0":11,"1":11,"2":11,"3":11,"4":11,"5":19,"6":11,"7":3,"8":9},"f":{"0":19,"1":3,"2":9},"b":{"0":[5]},"_coverageSchema":"332fd63041d2c1bcb487cc26dd0d5f7d97098a6c","hash":"3c22e0fca75134d8c188cf441974562827a6263d"}
,"/Users/nattatorn.dev/projects/currency-exchange/src/services/array.js": {"path":"/Users/nattatorn.dev/projects/currency-exchange/src/services/array.js","statementMap":{"0":{"start":{"line":8,"column":22},"end":{"line":9,"column":56}},"1":{"start":{"line":9,"column":2},"end":{"line":9,"column":56}},"2":{"start":{"line":17,"column":23},"end":{"line":20,"column":1}},"3":{"start":{"line":18,"column":21},"end":{"line":18,"column":53}},"4":{"start":{"line":18,"column":41},"end":{"line":18,"column":51}},"5":{"start":{"line":19,"column":2},"end":{"line":19,"column":84}},"6":{"start":{"line":26,"column":12},"end":{"line":26,"column":37}},"7":{"start":{"line":26,"column":19},"end":{"line":26,"column":37}},"8":{"start":{"line":32,"column":14},"end":{"line":32,"column":35}},"9":{"start":{"line":32,"column":21},"end":{"line":32,"column":35}},"10":{"start":{"line":41,"column":15},"end":{"line":45,"column":1}},"11":{"start":{"line":41,"column":56},"end":{"line":45,"column":1}}},"fnMap":{"0":{"name":"(anonymous_0)","decl":{"start":{"line":8,"column":22},"end":{"line":8,"column":23}},"loc":{"start":{"line":9,"column":2},"end":{"line":9,"column":56}}},"1":{"name":"(anonymous_1)","decl":{"start":{"line":17,"column":23},"end":{"line":17,"column":24}},"loc":{"start":{"line":17,"column":47},"end":{"line":20,"column":1}}},"2":{"name":"(anonymous_2)","decl":{"start":{"line":18,"column":36},"end":{"line":18,"column":37}},"loc":{"start":{"line":18,"column":41},"end":{"line":18,"column":51}}},"3":{"name":"(anonymous_3)","decl":{"start":{"line":26,"column":12},"end":{"line":26,"column":13}},"loc":{"start":{"line":26,"column":19},"end":{"line":26,"column":37}}},"4":{"name":"(anonymous_4)","decl":{"start":{"line":32,"column":14},"end":{"line":32,"column":15}},"loc":{"start":{"line":32,"column":21},"end":{"line":32,"column":35}}},"5":{"name":"(anonymous_5)","decl":{"start":{"line":41,"column":15},"end":{"line":41,"column":16}},"loc":{"start":{"line":41,"column":56},"end":{"line":45,"column":1}}}},"branchMap":{},"s":{"0":2,"1":1,"2":2,"3":1,"4":1,"5":1,"6":2,"7":1,"8":2,"9":1,"10":2,"11":1},"f":{"0":1,"1":1,"2":1,"3":1,"4":1,"5":1},"b":{},"_coverageSchema":"332fd63041d2c1bcb487cc26dd0d5f7d97098a6c","hash":"11b46b2c801f2b857086ffdefc636679be90fe25"}
,"/Users/nattatorn.dev/projects/currency-exchange/src/services/generator.js": {"path":"/Users/nattatorn.dev/projects/currency-exchange/src/services/generator.js","statementMap":{"0":{"start":{"line":15,"column":2},"end":{"line":15,"column":31}},"1":{"start":{"line":16,"column":30},"end":{"line":16,"column":49}},"2":{"start":{"line":17,"column":2},"end":{"line":21,"column":3}},"3":{"start":{"line":18,"column":4},"end":{"line":18,"column":43}},"4":{"start":{"line":20,"column":4},"end":{"line":20,"column":40}}},"fnMap":{"0":{"name":"fetchEntity","decl":{"start":{"line":14,"column":10},"end":{"line":14,"column":21}},"loc":{"start":{"line":14,"column":40},"end":{"line":22,"column":1}}}},"branchMap":{"0":{"loc":{"start":{"line":17,"column":2},"end":{"line":21,"column":3}},"type":"if","locations":[{"start":{"line":17,"column":2},"end":{"line":21,"column":3}},{"start":{"line":17,"column":2},"end":{"line":21,"column":3}}]}},"s":{"0":0,"1":0,"2":0,"3":0,"4":0},"f":{"0":0},"b":{"0":[0,0]},"_coverageSchema":"332fd63041d2c1bcb487cc26dd0d5f7d97098a6c","hash":"852eb227eca132bc5c0a80aee08743cfe6068643"}
,"/Users/nattatorn.dev/projects/currency-exchange/src/services/index.js": {"path":"/Users/nattatorn.dev/projects/currency-exchange/src/services/index.js","statementMap":{"0":{"start":{"line":8,"column":16},"end":{"line":8,"column":44}}},"fnMap":{},"branchMap":{},"s":{"0":1},"f":{},"b":{},"_coverageSchema":"332fd63041d2c1bcb487cc26dd0d5f7d97098a6c","hash":"bb3e0c10b5adc2ac18c512298a99ce8101688b09"}
,"/Users/nattatorn.dev/projects/currency-exchange/src/services/number.js": {"path":"/Users/nattatorn.dev/projects/currency-exchange/src/services/number.js","statementMap":{"0":{"start":{"line":8,"column":18},"end":{"line":9,"column":59}},"1":{"start":{"line":9,"column":2},"end":{"line":9,"column":59}},"2":{"start":{"line":16,"column":17},"end":{"line":22,"column":13}},"3":{"start":{"line":17,"column":2},"end":{"line":22,"column":13}}},"fnMap":{"0":{"name":"(anonymous_0)","decl":{"start":{"line":8,"column":18},"end":{"line":8,"column":19}},"loc":{"start":{"line":9,"column":2},"end":{"line":9,"column":59}}},"1":{"name":"(anonymous_1)","decl":{"start":{"line":16,"column":17},"end":{"line":16,"column":18}},"loc":{"start":{"line":17,"column":2},"end":{"line":22,"column":13}}}},"branchMap":{"0":{"loc":{"start":{"line":8,"column":28},"end":{"line":8,"column":37}},"type":"default-arg","locations":[{"start":{"line":8,"column":36},"end":{"line":8,"column":37}}]},"1":{"loc":{"start":{"line":16,"column":27},"end":{"line":16,"column":40}},"type":"default-arg","locations":[{"start":{"line":16,"column":37},"end":{"line":16,"column":40}}]},"2":{"loc":{"start":{"line":17,"column":2},"end":{"line":22,"column":13}},"type":"cond-expr","locations":[{"start":{"line":21,"column":6},"end":{"line":21,"column":12}},{"start":{"line":22,"column":6},"end":{"line":22,"column":13}}]},"3":{"loc":{"start":{"line":17,"column":2},"end":{"line":20,"column":37}},"type":"binary-expr","locations":[{"start":{"line":17,"column":2},"end":{"line":17,"column":8}},{"start":{"line":18,"column":4},"end":{"line":18,"column":31}},{"start":{"line":19,"column":4},"end":{"line":19,"column":51}},{"start":{"line":20,"column":4},"end":{"line":20,"column":37}}]}},"s":{"0":2,"1":2,"2":2,"3":18},"f":{"0":2,"1":18},"b":{"0":[1],"1":[9],"2":[4,14],"3":[18,12,12,4]},"_coverageSchema":"332fd63041d2c1bcb487cc26dd0d5f7d97098a6c","hash":"b76f748b79ef10d2abe5253942890fcf8eccb79e"}
}
