TN:
SF:/Users/nattatorn.dev/projects/currency-exchange/src/config.js
FNF:0
FNH:0
DA:1,1
DA:10,1
LF:2
LH:2
BRDA:8,0,0,1
BRDA:8,0,1,0
BRDA:11,1,0,1
BRDA:11,1,1,1
BRDA:14,2,0,1
BRDA:14,2,1,1
BRDA:19,3,0,1
BRDA:19,3,1,1
BRF:8
BRH:7
end_of_record
TN:
SF:/Users/nattatorn.dev/projects/currency-exchange/src/constants/controller.js
FNF:0
FNH:0
DA:1,2
LF:1
LH:1
BRF:0
BRH:0
end_of_record
TN:
SF:/Users/nattatorn.dev/projects/currency-exchange/src/constants/index.js
FNF:0
FNH:0
LF:0
LH:0
BRF:0
BRH:0
end_of_record
TN:
SF:/Users/nattatorn.dev/projects/currency-exchange/src/constants/setting/fontFamilies.js
FNF:0
FNH:0
DA:1,2
LF:1
LH:1
BRF:0
BRH:0
end_of_record
TN:
SF:/Users/nattatorn.dev/projects/currency-exchange/src/constants/setting/fontStyles.js
FNF:0
FNH:0
DA:1,2
LF:1
LH:1
BRF:0
BRH:0
end_of_record
TN:
SF:/Users/nattatorn.dev/projects/currency-exchange/src/constants/setting/index.js
FNF:0
FNH:0
DA:6,2
LF:1
LH:1
BRF:0
BRH:0
end_of_record
TN:
SF:/Users/nattatorn.dev/projects/currency-exchange/src/constants/setting/langs.js
FNF:0
FNH:0
DA:1,2
LF:1
LH:1
BRF:0
BRH:0
end_of_record
TN:
SF:/Users/nattatorn.dev/projects/currency-exchange/src/constants/setting/themes.js
FNF:0
FNH:0
DA:1,2
LF:1
LH:1
BRF:0
BRH:0
end_of_record
TN:
SF:/Users/nattatorn.dev/projects/currency-exchange/src/helpers/Html.js
FN:15,(anonymous_0)
FN:19,(anonymous_1)
FN:42,(anonymous_2)
FNF:3
FNH:0
FNDA:0,(anonymous_0)
FNDA:0,(anonymous_1)
FNDA:0,(anonymous_2)
DA:16,0
DA:17,0
DA:18,0
DA:19,0
DA:20,0
DA:43,0
LF:6
LH:0
BRDA:17,0,0,0
BRDA:17,0,1,0
BRF:2
BRH:0
end_of_record
TN:
SF:/Users/nattatorn.dev/projects/currency-exchange/src/helpers/currency.js
FN:3,(anonymous_0)
FN:45,(anonymous_1)
FN:121,(anonymous_2)
FN:149,(anonymous_3)
FNF:4
FNH:0
FNDA:0,(anonymous_0)
FNDA:0,(anonymous_1)
FNDA:0,(anonymous_2)
FNDA:0,(anonymous_3)
DA:3,1
DA:4,1
DA:5,1
DA:45,1
DA:50,0
DA:121,1
DA:122,0
DA:149,1
DA:150,0
LF:9
LH:6
BRDA:49,0,0,0
BRDA:122,1,0,0
BRDA:122,1,1,0
BRF:3
BRH:0
end_of_record
TN:
SF:/Users/nattatorn.dev/projects/currency-exchange/src/helpers/httpResponse.js
FN:5,(anonymous_0)
FN:11,(anonymous_1)
FNF:2
FNH:0
FNDA:0,(anonymous_0)
FNDA:0,(anonymous_1)
DA:5,1
DA:6,0
DA:7,0
DA:8,0
DA:11,0
DA:12,0
DA:13,0
DA:16,0
LF:8
LH:1
BRDA:7,0,0,0
BRDA:7,0,1,0
BRDA:12,1,0,0
BRDA:12,1,1,0
BRF:4
BRH:0
end_of_record
TN:
SF:/Users/nattatorn.dev/projects/currency-exchange/src/helpers/index.js
FNF:0
FNH:0
LF:0
LH:0
BRF:0
BRH:0
end_of_record
TN:
SF:/Users/nattatorn.dev/projects/currency-exchange/src/helpers/url.js
FN:5,(anonymous_0)
FN:12,(anonymous_1)
FN:18,(anonymous_2)
FN:39,(anonymous_3)
FN:60,(anonymous_4)
FNF:5
FNH:0
FNDA:0,(anonymous_0)
FNDA:0,(anonymous_1)
FNDA:0,(anonymous_2)
FNDA:0,(anonymous_3)
FNDA:0,(anonymous_4)
DA:5,1
DA:6,0
DA:12,1
DA:18,1
DA:19,0
DA:20,0
DA:21,0
DA:22,0
DA:23,0
DA:24,0
DA:25,0
DA:26,0
DA:27,0
DA:28,0
DA:29,0
DA:30,0
DA:32,0
DA:39,1
DA:40,0
DA:41,0
DA:42,0
DA:43,0
DA:44,0
DA:45,0
DA:46,0
DA:47,0
DA:48,0
DA:49,0
DA:50,0
DA:51,0
DA:53,0
DA:60,1
DA:61,0
LF:33
LH:5
BRDA:19,0,0,0
BRDA:19,0,1,0
BRDA:21,1,0,0
BRDA:21,1,1,0
BRDA:23,2,0,0
BRDA:23,2,1,0
BRDA:25,3,0,0
BRDA:25,3,1,0
BRDA:27,4,0,0
BRDA:27,4,1,0
BRDA:29,5,0,0
BRDA:29,5,1,0
BRDA:40,6,0,0
BRDA:40,6,1,0
BRDA:42,7,0,0
BRDA:42,7,1,0
BRDA:44,8,0,0
BRDA:44,8,1,0
BRDA:46,9,0,0
BRDA:46,9,1,0
BRDA:48,10,0,0
BRDA:48,10,1,0
BRDA:50,11,0,0
BRDA:50,11,1,0
BRF:24
BRH:0
end_of_record
TN:
SF:/Users/nattatorn.dev/projects/currency-exchange/src/modules/app/actions.js
FN:11,(anonymous_0)
FN:12,(anonymous_1)
FN:13,(anonymous_2)
FN:14,(anonymous_3)
FN:15,(anonymous_4)
FN:16,(anonymous_5)
FN:18,(anonymous_6)
FNF:7
FNH:7
FNDA:1,(anonymous_0)
FNDA:1,(anonymous_1)
FNDA:1,(anonymous_2)
FNDA:1,(anonymous_3)
FNDA:1,(anonymous_4)
FNDA:1,(anonymous_5)
FNDA:1,(anonymous_6)
DA:3,6
DA:4,6
DA:5,6
DA:6,6
DA:7,6
DA:8,6
DA:9,6
DA:11,6
DA:12,6
DA:13,6
DA:14,6
DA:15,6
DA:16,6
DA:17,1
DA:18,6
LF:15
LH:15
BRF:0
BRH:0
end_of_record
TN:
SF:/Users/nattatorn.dev/projects/currency-exchange/src/modules/app/selectors.js
FN:1,(anonymous_0)
FN:2,(anonymous_1)
FN:3,(anonymous_2)
FNF:3
FNH:3
FNDA:3,(anonymous_0)
FNDA:1,(anonymous_1)
FNDA:1,(anonymous_2)
DA:1,3
DA:2,1
DA:3,1
LF:3
LH:3
BRF:0
BRH:0
end_of_record
TN:
SF:/Users/nattatorn.dev/projects/currency-exchange/src/modules/app/reducers/app.js
FN:5,(anonymous_0)
FN:11,app
FNF:2
FNH:2
FNDA:3,(anonymous_0)
FNDA:6,app
DA:5,3
DA:12,6
DA:14,1
DA:16,1
DA:18,1
DA:20,1
DA:22,2
LF:7
LH:7
BRDA:11,0,0,1
BRDA:11,1,0,0
BRDA:12,2,0,1
BRDA:12,2,1,1
BRDA:12,2,2,1
BRDA:12,2,3,1
BRDA:12,2,4,2
BRF:7
BRH:6
end_of_record
TN:
SF:/Users/nattatorn.dev/projects/currency-exchange/src/modules/app/reducers/entities.js
FN:3,(anonymous_0)
FN:7,entities
FNF:2
FNH:2
FNDA:1,(anonymous_0)
FNDA:5,entities
DA:3,1
DA:8,5
DA:9,3
DA:12,2
LF:4
LH:4
BRDA:7,0,0,1
BRDA:7,1,0,0
BRDA:8,2,0,3
BRDA:8,2,1,2
BRDA:8,3,0,5
BRDA:8,3,1,3
BRF:6
BRH:5
end_of_record
TN:
SF:/Users/nattatorn.dev/projects/currency-exchange/src/modules/app/reducers/errorMessage.js
FN:3,(anonymous_0)
FN:4,errorMessage
FNF:2
FNH:2
FNDA:2,(anonymous_0)
FNDA:4,errorMessage
DA:3,2
DA:5,4
DA:7,4
DA:8,1
DA:9,3
DA:10,1
DA:13,2
LF:7
LH:7
BRDA:4,0,0,1
BRDA:4,1,0,0
BRDA:7,2,0,1
BRDA:7,2,1,3
BRDA:9,3,0,1
BRDA:9,3,1,2
BRF:6
BRH:5
end_of_record
TN:
SF:/Users/nattatorn.dev/projects/currency-exchange/src/modules/app/reducers/router.js
FN:3,(anonymous_0)
FN:7,router
FNF:2
FNH:2
FNDA:1,(anonymous_0)
FNDA:3,router
DA:3,1
DA:8,3
DA:10,1
DA:12,2
LF:4
LH:4
BRDA:7,0,0,1
BRDA:7,1,0,0
BRDA:8,2,0,1
BRDA:8,2,1,2
BRF:4
BRH:3
end_of_record
TN:
SF:/Users/nattatorn.dev/projects/currency-exchange/src/modules/currencyExchange/actions.js
FN:6,(anonymous_0)
FN:8,(anonymous_1)
FNF:2
FNH:2
FNDA:2,(anonymous_0)
FNDA:1,(anonymous_1)
DA:3,2
DA:4,2
DA:6,2
DA:7,2
DA:8,2
DA:9,1
LF:6
LH:6
BRDA:6,0,0,1
BRF:1
BRH:1
end_of_record
TN:
SF:/Users/nattatorn.dev/projects/currency-exchange/src/modules/currencyExchange/selectors.js
FN:1,(anonymous_0)
FNF:1
FNH:1
FNDA:1,(anonymous_0)
DA:1,1
LF:1
LH:1
BRF:0
BRH:0
end_of_record
TN:
SF:/Users/nattatorn.dev/projects/currency-exchange/src/modules/currencyExchange/reducers/currencyExchange.js
FN:3,(anonymous_0)
FN:4,currencyExchange
FNF:2
FNH:2
FNDA:1,(anonymous_0)
FNDA:3,currencyExchange
DA:3,1
DA:5,3
DA:7,1
DA:13,2
LF:4
LH:4
BRDA:4,0,0,1
BRDA:4,1,0,0
BRDA:5,2,0,1
BRDA:5,2,1,2
BRF:4
BRH:3
end_of_record
TN:
SF:/Users/nattatorn.dev/projects/currency-exchange/src/modules/currencyPopular/actions.js
FN:9,(anonymous_0)
FN:10,(anonymous_1)
FN:11,(anonymous_2)
FN:14,(anonymous_3)
FN:16,(anonymous_4)
FN:18,(anonymous_5)
FNF:6
FNH:6
FNDA:2,(anonymous_0)
FNDA:1,(anonymous_1)
FNDA:1,(anonymous_2)
FNDA:2,(anonymous_3)
FNDA:1,(anonymous_4)
FNDA:1,(anonymous_5)
DA:3,2
DA:4,2
DA:5,2
DA:6,2
DA:8,2
DA:9,2
DA:10,1
DA:11,1
DA:14,2
DA:15,2
DA:16,2
DA:17,1
DA:18,2
DA:19,1
LF:14
LH:14
BRDA:14,0,0,1
BRF:1
BRH:1
end_of_record
TN:
SF:/Users/nattatorn.dev/projects/currency-exchange/src/modules/currencyPopular/selectors.js
FN:6,(anonymous_0)
FN:7,(anonymous_1)
FN:9,(anonymous_2)
FN:10,(anonymous_3)
FN:12,(anonymous_4)
FN:14,(anonymous_5)
FN:16,(anonymous_6)
FN:21,(anonymous_7)
FN:26,(anonymous_8)
FN:26,(anonymous_9)
FN:34,(anonymous_10)
FN:40,(anonymous_11)
FN:48,(anonymous_12)
FN:51,(anonymous_13)
FN:57,(anonymous_14)
FN:61,(anonymous_15)
FN:66,(anonymous_16)
FN:76,(anonymous_17)
FN:83,(anonymous_18)
FN:85,(anonymous_19)
FN:87,(anonymous_20)
FN:93,(anonymous_21)
FN:94,(anonymous_22)
FN:110,(anonymous_23)
FNF:24
FNH:11
FNDA:6,(anonymous_0)
FNDA:1,(anonymous_1)
FNDA:1,(anonymous_2)
FNDA:2,(anonymous_3)
FNDA:1,(anonymous_4)
FNDA:2,(anonymous_5)
FNDA:4,(anonymous_6)
FNDA:1,(anonymous_7)
FNDA:1,(anonymous_8)
FNDA:3,(anonymous_9)
FNDA:1,(anonymous_10)
FNDA:0,(anonymous_11)
FNDA:0,(anonymous_12)
FNDA:0,(anonymous_13)
FNDA:0,(anonymous_14)
FNDA:0,(anonymous_15)
FNDA:0,(anonymous_16)
FNDA:0,(anonymous_17)
FNDA:0,(anonymous_18)
FNDA:0,(anonymous_19)
FNDA:0,(anonymous_20)
FNDA:0,(anonymous_21)
FNDA:0,(anonymous_22)
FNDA:0,(anonymous_23)
DA:6,6
DA:7,1
DA:9,1
DA:10,2
DA:12,1
DA:13,1
DA:14,2
DA:16,4
DA:21,1
DA:22,1
DA:24,1
DA:26,3
DA:34,1
DA:40,1
DA:41,0
DA:48,1
DA:49,0
DA:53,0
DA:58,0
DA:61,0
DA:66,0
DA:69,0
DA:72,0
DA:76,0
DA:83,1
DA:84,0
DA:86,0
DA:88,0
DA:92,0
DA:94,0
DA:100,0
DA:110,1
DA:115,0
LF:33
LH:17
BRDA:53,0,0,0
BRDA:53,0,1,0
BRDA:53,1,0,0
BRDA:53,1,1,0
BRDA:58,2,0,0
BRDA:58,2,1,0
BRDA:69,3,0,0
BRDA:69,3,1,0
BRDA:69,4,0,0
BRDA:69,4,1,0
BRDA:88,5,0,0
BRDA:88,5,1,0
BRDA:94,6,0,0
BRDA:94,6,1,0
BRF:14
BRH:0
end_of_record
TN:
SF:/Users/nattatorn.dev/projects/currency-exchange/src/modules/currencyPopular/reducers/currencyPopular.js
FN:3,(anonymous_0)
FN:4,currencyPopular
FN:9,(anonymous_2)
FN:19,(anonymous_3)
FNF:4
FNH:2
FNDA:1,(anonymous_0)
FNDA:2,currencyPopular
FNDA:0,(anonymous_2)
FNDA:0,(anonymous_3)
DA:3,1
DA:5,2
DA:7,0
DA:9,0
DA:17,0
DA:20,0
DA:27,2
LF:7
LH:3
BRDA:4,0,0,1
BRDA:4,1,0,0
BRDA:5,2,0,0
BRDA:5,2,1,0
BRDA:5,2,2,2
BRDA:20,3,0,0
BRDA:20,3,1,0
BRF:7
BRH:2
end_of_record
TN:
SF:/Users/nattatorn.dev/projects/currency-exchange/src/services/action.js
FN:12,(anonymous_0)
FN:24,(anonymous_1)
FN:25,(anonymous_2)
FNF:3
FNH:3
FNDA:19,(anonymous_0)
FNDA:3,(anonymous_1)
FNDA:9,(anonymous_2)
DA:1,11
DA:2,11
DA:3,11
DA:5,11
DA:12,19
DA:24,11
DA:25,9
LF:7
LH:7
BRDA:12,0,0,5
BRF:1
BRH:1
end_of_record
TN:
SF:/Users/nattatorn.dev/projects/currency-exchange/src/services/array.js
FN:8,(anonymous_0)
FN:17,(anonymous_1)
FN:18,(anonymous_2)
FN:26,(anonymous_3)
FN:32,(anonymous_4)
FN:41,(anonymous_5)
FNF:6
FNH:6
FNDA:1,(anonymous_0)
FNDA:1,(anonymous_1)
FNDA:1,(anonymous_2)
FNDA:1,(anonymous_3)
FNDA:1,(anonymous_4)
FNDA:1,(anonymous_5)
DA:8,2
DA:9,1
DA:17,2
DA:18,1
DA:19,1
DA:26,2
DA:32,2
DA:41,2
LF:8
LH:8
BRF:0
BRH:0
end_of_record
TN:
SF:/Users/nattatorn.dev/projects/currency-exchange/src/services/generator.js
FN:14,fetchEntity
FNF:1
FNH:0
FNDA:0,fetchEntity
DA:15,0
DA:16,0
DA:17,0
DA:18,0
DA:20,0
LF:5
LH:0
BRDA:17,0,0,0
BRDA:17,0,1,0
BRF:2
BRH:0
end_of_record
TN:
SF:/Users/nattatorn.dev/projects/currency-exchange/src/services/index.js
FNF:0
FNH:0
DA:8,1
LF:1
LH:1
BRF:0
BRH:0
end_of_record
TN:
SF:/Users/nattatorn.dev/projects/currency-exchange/src/services/number.js
FN:8,(anonymous_0)
FN:16,(anonymous_1)
FNF:2
FNH:2
FNDA:2,(anonymous_0)
FNDA:18,(anonymous_1)
DA:8,2
DA:9,2
DA:16,2
DA:17,18
LF:4
LH:4
BRDA:8,0,0,1
BRDA:16,1,0,9
BRDA:17,2,0,4
BRDA:17,2,1,14
BRDA:17,3,0,18
BRDA:17,3,1,12
BRDA:17,3,2,12
BRDA:17,3,3,4
BRF:8
BRH:8
end_of_record
